<?xml version="1.0" encoding="UTF-8"?>
<testng-results skipped="0" failed="0" total="0" passed="0">
  <reporter-output>
  </reporter-output>
  <suite name="com.mycompany.ars.ejb.CustomerEJBTest" duration-ms="3" started-at="2015-06-03T09:28:38Z" finished-at="2015-06-03T09:28:38Z">
    <groups>
    </groups>
    <test name="Command line test" duration-ms="3" started-at="2015-06-03T09:28:38Z" finished-at="2015-06-03T09:28:38Z">
    </test> <!-- Command line test -->
  </suite> <!-- com.mycompany.ars.ejb.CustomerEJBTest -->
</testng-results>
